2024-08-05 15:27:55,918 | INFO | tts.py | 45 | <module> | =================== tts korean models ===================
2024-08-05 15:27:55,918 | INFO | tts.py | 47 | <module> | init model device: cuda:0
2024-08-05 15:28:04,746 | INFO | tts.py | 45 | <module> | =================== tts korean models ===================
2024-08-05 15:28:04,747 | INFO | tts.py | 47 | <module> | init model device: cuda:0
2024-08-05 15:30:15,410 | INFO | tts.py | 45 | <module> | =================== tts korean models ===================
2024-08-05 15:30:15,410 | INFO | tts.py | 47 | <module> | init model device: cuda:0
2024-08-05 15:30:35,243 | INFO | tts.py | 45 | <module> | =================== tts korean models ===================
2024-08-05 15:30:35,244 | INFO | tts.py | 47 | <module> | init model device: cuda:0
2024-08-05 15:31:19,118 | INFO | tts.py | 45 | <module> | =================== tts korean models ===================
2024-08-05 15:31:19,118 | INFO | tts.py | 47 | <module> | init model device: cuda:0
2024-08-05 15:34:59,825 | INFO | tts.py | 45 | <module> | =================== tts korean models ===================
2024-08-05 15:34:59,825 | INFO | tts.py | 47 | <module> | init model device: cuda:0
2024-08-05 15:35:53,938 | INFO | voice_info.py | 30 | voice | /voice
2024-08-05 15:49:43,929 | INFO | voice_info.py | 30 | voice | /voice
2024-08-05 15:49:47,436 | INFO | voice_info.py | 30 | voice | /voice
2024-08-05 15:49:47,988 | INFO | voice_info.py | 30 | voice | /voice
2024-08-05 15:49:48,172 | INFO | voice_info.py | 30 | voice | /voice
2024-08-05 15:49:48,376 | INFO | voice_info.py | 30 | voice | /voice
2024-08-05 15:49:48,736 | INFO | voice_info.py | 30 | voice | /voice
2024-08-05 15:49:49,142 | INFO | voice_info.py | 30 | voice | /voice
2024-08-05 15:49:49,331 | INFO | voice_info.py | 30 | voice | /voice
2024-08-05 15:49:49,560 | INFO | voice_info.py | 30 | voice | /voice
2024-08-05 15:49:49,771 | INFO | voice_info.py | 30 | voice | /voice
2024-08-05 15:49:50,246 | INFO | voice_info.py | 30 | voice | /voice
2024-08-05 15:49:50,446 | INFO | voice_info.py | 30 | voice | /voice
2024-08-05 15:49:51,028 | INFO | voice_info.py | 30 | voice | /voice
2024-08-05 15:49:51,244 | INFO | voice_info.py | 30 | voice | /voice
2024-08-05 15:49:51,483 | INFO | voice_info.py | 30 | voice | /voice
2024-08-05 15:49:52,025 | INFO | voice_info.py | 30 | voice | /voice
2024-08-05 15:49:52,254 | INFO | voice_info.py | 30 | voice | /voice
2024-08-05 15:49:53,863 | INFO | voice_info.py | 30 | voice | /voice
2024-08-05 15:49:54,073 | INFO | voice_info.py | 30 | voice | /voice
2024-08-05 15:49:54,301 | INFO | voice_info.py | 30 | voice | /voice
2024-08-05 15:49:54,517 | INFO | voice_info.py | 30 | voice | /voice
2024-08-05 15:58:12,027 | INFO | voice_info.py | 30 | voice | /voice
2024-08-05 16:02:23,504 | INFO | tts.py | 48 | <module> | =================== tts korean models ===================
2024-08-05 16:02:23,504 | INFO | tts.py | 50 | <module> | init model device: cuda:0
2024-08-05 16:07:05,850 | INFO | tts.py | 49 | <module> | =================== tts korean models ===================
2024-08-05 16:07:05,850 | INFO | tts.py | 51 | <module> | init model device: cuda:0
2024-08-05 16:07:26,364 | INFO | tts.py | 123 | generate | /text-to-speech
2024-08-05 16:07:26,365 | DEBUG | tts.py | 132 | generate | model id: 6c8d49f3-50b4-4025-bf5b-16e813a2686d
2024-08-05 16:07:26,365 | DEBUG | tts.py | 133 | generate | voice id: b540ea02-6c7a-478e-9e60-5d766118f84a
2024-08-05 16:07:26,365 | DEBUG | tts.py | 134 | generate | text: 안녕하세요
2024-08-05 16:07:26,365 | DEBUG | tts.py | 135 | generate | language code: kr
2024-08-05 16:07:26,365 | DEBUG | tts.py | 143 | generate | using device: cuda:0
2024-08-05 16:07:33,423 | INFO | tts.py | 149 | generate | /text-to-speech complete
2024-08-05 16:08:29,467 | INFO | tts.py | 123 | generate | /text-to-speech
2024-08-05 16:08:29,467 | DEBUG | tts.py | 132 | generate | model id: 6c8d49f3-50b4-4025-bf5b-16e813a2686d
2024-08-05 16:08:29,467 | DEBUG | tts.py | 133 | generate | voice id: b540ea02-6c7a-478e-9e60-5d766118f84a
2024-08-05 16:08:29,467 | DEBUG | tts.py | 134 | generate | text: 하지만 은솔이는 자기를 따라하는 자경이 때문에 약이 올랐습니다.
2024-08-05 16:08:29,467 | DEBUG | tts.py | 135 | generate | language code: kr
2024-08-05 16:08:29,467 | DEBUG | tts.py | 143 | generate | using device: cuda:0
2024-08-05 16:08:29,886 | INFO | tts.py | 149 | generate | /text-to-speech complete
2024-08-05 16:09:17,269 | INFO | tts.py | 123 | generate | /text-to-speech
2024-08-05 16:09:17,269 | DEBUG | tts.py | 132 | generate | model id: 6c8d49f3-50b4-4025-bf5b-16e813a2686d
2024-08-05 16:09:17,269 | DEBUG | tts.py | 133 | generate | voice id: b540ea02-6c7a-478e-9e60-5d766118f84a
2024-08-05 16:09:17,269 | DEBUG | tts.py | 134 | generate | text: 나 화났으니 말걸지마 하는 눈치가 온몸에서 느껴졌지요.
2024-08-05 16:09:17,269 | DEBUG | tts.py | 135 | generate | language code: kr
2024-08-05 16:09:17,269 | DEBUG | tts.py | 143 | generate | using device: cuda:0
2024-08-05 16:09:17,612 | INFO | tts.py | 149 | generate | /text-to-speech complete
2024-08-05 16:25:04,528 | INFO | config.py | 40 | <module> | =============== provided voices ============
2024-08-05 16:25:04,528 | INFO | config.py | 41 | <module> | [Voice(id='b540ea02-6c7a-478e-9e60-5d766118f84a', name='m_basic', model_id='6c8d49f3-50b4-4025-bf5b-16e813a2686d', model_desc='m_tts_ko_pretrained_model', gender='FEMAIL', type='NORMAL', dataset='unknown', dataset_detail=None, train_info={'train_steps': None}), Voice(id='6d011056-6c16-44f0-a46a-4948460621cd', name='KSS', model_id='6c8d49f3-50b4-4025-bf5b-16e813a2686d', model_desc='m_tts_ko_pretrained_model', gender='FEMAIL', type='NORMAL', dataset='kss dataset', dataset_detail='Korean Single Speaker Speech Dataset', train_info={'train_steps': 111}), Voice(id='2c2f8911-7a67-446c-aadf-9b8397eb1d76', name='F-A2-B-021', model_id='6c8d49f3-50b4-4025-bf5b-16e813a2686d', model_desc='m_tts_ko_pretrained_model', gender='MAIL', type='GU-YEON-CHE', dataset='ai-hub', dataset_detail='133.감성 및 발화 스타일 동시 고려 음성합성 데이터 - TL_구연체_021', train_info={'train_steps': 111}), Voice(id='407f4e67-a488-479f-a807-271e1b66dab0', name='F-H3-D-005', model_id='6c8d49f3-50b4-4025-bf5b-16e813a2686d', model_desc='m_tts_ko_pretrained_model', gender='MAIL', type='GU-YEON-CHE', dataset='ai-hub', dataset_detail='133.감성 및 발화 스타일 동시 고려 음성합성 데이터 - TL_구연체_005', train_info={'train_steps': 111})]
2024-08-05 16:25:04,528 | INFO | config.py | 43 | <module> | ============== model-voice dict ============
2024-08-05 16:25:04,528 | INFO | config.py | 44 | <module> | {'6c8d49f3-50b4-4025-bf5b-16e813a2686d': '407f4e67-a488-479f-a807-271e1b66dab0'}
2024-08-05 16:27:19,281 | INFO | config.py | 44 | <module> | =============== provided voices ============
2024-08-05 16:27:19,281 | INFO | config.py | 45 | <module> | [Voice(id='b540ea02-6c7a-478e-9e60-5d766118f84a', name='m_basic', model_id='6c8d49f3-50b4-4025-bf5b-16e813a2686d', model_desc='m_tts_ko_pretrained_model', gender='FEMAIL', type='NORMAL', dataset='unknown', dataset_detail=None, train_info={'train_steps': None}), Voice(id='6d011056-6c16-44f0-a46a-4948460621cd', name='KSS', model_id='6c8d49f3-50b4-4025-bf5b-16e813a2686d', model_desc='m_tts_ko_pretrained_model', gender='FEMAIL', type='NORMAL', dataset='kss dataset', dataset_detail='Korean Single Speaker Speech Dataset', train_info={'train_steps': 111}), Voice(id='2c2f8911-7a67-446c-aadf-9b8397eb1d76', name='F-A2-B-021', model_id='6c8d49f3-50b4-4025-bf5b-16e813a2686d', model_desc='m_tts_ko_pretrained_model', gender='MAIL', type='GU-YEON-CHE', dataset='ai-hub', dataset_detail='133.감성 및 발화 스타일 동시 고려 음성합성 데이터 - TL_구연체_021', train_info={'train_steps': 111}), Voice(id='407f4e67-a488-479f-a807-271e1b66dab0', name='F-H3-D-005', model_id='6c8d49f3-50b4-4025-bf5b-16e813a2686d', model_desc='m_tts_ko_pretrained_model', gender='MAIL', type='GU-YEON-CHE', dataset='ai-hub', dataset_detail='133.감성 및 발화 스타일 동시 고려 음성합성 데이터 - TL_구연체_005', train_info={'train_steps': 111})]
2024-08-05 16:27:19,282 | INFO | config.py | 47 | <module> | ============== model-voice dict ============
2024-08-05 16:27:19,282 | INFO | config.py | 48 | <module> | {'6c8d49f3-50b4-4025-bf5b-16e813a2686d': ['b540ea02-6c7a-478e-9e60-5d766118f84a', '6d011056-6c16-44f0-a46a-4948460621cd', '2c2f8911-7a67-446c-aadf-9b8397eb1d76', '407f4e67-a488-479f-a807-271e1b66dab0']}
2024-08-05 16:33:02,042 | INFO | config.py | 44 | <module> | =============== provided voices ============
2024-08-05 16:33:02,043 | INFO | config.py | 45 | <module> | [Voice(id='b540ea02-6c7a-478e-9e60-5d766118f84a', name='m_basic', model_id='6c8d49f3-50b4-4025-bf5b-16e813a2686d', model_desc='m_tts_ko_pretrained_model', gender='FEMAIL', type='NORMAL', dataset='unknown', dataset_detail=None, train_info={'train_steps': None}), Voice(id='6d011056-6c16-44f0-a46a-4948460621cd', name='KSS', model_id='6c8d49f3-50b4-4025-bf5b-16e813a2686d', model_desc='m_tts_ko_pretrained_model', gender='FEMAIL', type='NORMAL', dataset='kss dataset', dataset_detail='Korean Single Speaker Speech Dataset', train_info={'train_steps': 111}), Voice(id='2c2f8911-7a67-446c-aadf-9b8397eb1d76', name='F-A2-B-021', model_id='6c8d49f3-50b4-4025-bf5b-16e813a2686d', model_desc='m_tts_ko_pretrained_model', gender='MAIL', type='GU-YEON-CHE', dataset='ai-hub', dataset_detail='133.감성 및 발화 스타일 동시 고려 음성합성 데이터 - TL_구연체_021', train_info={'train_steps': 111}), Voice(id='407f4e67-a488-479f-a807-271e1b66dab0', name='F-H3-D-005', model_id='6c8d49f3-50b4-4025-bf5b-16e813a2686d', model_desc='m_tts_ko_pretrained_model', gender='MAIL', type='GU-YEON-CHE', dataset='ai-hub', dataset_detail='133.감성 및 발화 스타일 동시 고려 음성합성 데이터 - TL_구연체_005', train_info={'train_steps': 111})]
2024-08-05 16:33:02,043 | INFO | config.py | 47 | <module> | ============== model-voice dict ============
2024-08-05 16:33:02,043 | INFO | config.py | 48 | <module> | {'6c8d49f3-50b4-4025-bf5b-16e813a2686d': ['b540ea02-6c7a-478e-9e60-5d766118f84a', '6d011056-6c16-44f0-a46a-4948460621cd', '2c2f8911-7a67-446c-aadf-9b8397eb1d76', '407f4e67-a488-479f-a807-271e1b66dab0']}
